  pch.cpp
  DBChangePw.cpp
C:\Users\hoang\NonoLearn\ServerLogin\DBManager.h(11,2): warning C4091: 'typedef ': ignored on left of 'MysqlConnectInfo' when no variable is declared
  DBLogin.cpp
C:\Users\hoang\NonoLearn\ServerLogin\DBManager.h(11,2): warning C4091: 'typedef ': ignored on left of 'MysqlConnectInfo' when no variable is declared
  DBLogout.cpp
C:\Users\hoang\NonoLearn\ServerLogin\DBManager.h(11,2): warning C4091: 'typedef ': ignored on left of 'MysqlConnectInfo' when no variable is declared
  DBManager.cpp
C:\Users\hoang\NonoLearn\ServerLogin\DBManager.h(11,2): warning C4091: 'typedef ': ignored on left of 'MysqlConnectInfo' when no variable is declared
  DBPort.cpp
C:\Users\hoang\NonoLearn\ServerLogin\DBManager.h(11,2): warning C4091: 'typedef ': ignored on left of 'MysqlConnectInfo' when no variable is declared
  ServerConnect.cpp
C:\Users\hoang\NonoLearn\ServerLogin\DBManager.h(11,2): warning C4091: 'typedef ': ignored on left of 'MysqlConnectInfo' when no variable is declared
  ServerLogin.cpp
C:\Users\hoang\NonoLearn\ServerLogin\DBManager.h(11,2): warning C4091: 'typedef ': ignored on left of 'MysqlConnectInfo' when no variable is declared
  ServerLoginDlg.cpp
C:\Users\hoang\NonoLearn\ServerLogin\DBManager.h(11,2): warning C4091: 'typedef ': ignored on left of 'MysqlConnectInfo' when no variable is declared
  Generating code
  Previous IPDB not found, fall back to full compilation.
  All 302 functions were compiled because no usable IPDB/IOBJ from previous compilation was found.
  Finished generating code
  ServerLogin.vcxproj -> C:\Users\hoang\NonoLearn\ServerLogin\x64\Release\ServerLogin.exe
