c:\users\hoang\desktop\cnpm\cnpm\serverlogin\x64\debug\vc142.pdb
c:\users\hoang\desktop\cnpm\cnpm\serverlogin\x64\debug\vc142.idb
c:\users\hoang\desktop\cnpm\cnpm\serverlogin\x64\debug\serverlogindlg.obj
c:\users\hoang\desktop\cnpm\cnpm\serverlogin\x64\debug\serverlogin.obj
c:\users\hoang\desktop\cnpm\cnpm\serverlogin\x64\debug\serverconnect.obj
c:\users\hoang\desktop\cnpm\cnpm\serverlogin\x64\debug\dbmanager.obj
c:\users\hoang\desktop\cnpm\cnpm\serverlogin\x64\debug\dblogin.obj
c:\users\hoang\desktop\cnpm\cnpm\serverlogin\x64\debug\serverlogin.pch
c:\users\hoang\desktop\cnpm\cnpm\serverlogin\x64\debug\pch.obj
c:\users\hoang\desktop\cnpm\cnpm\serverlogin\x64\debug\dblogout.obj
c:\users\hoang\desktop\cnpm\cnpm\serverlogin\x64\debug\dbchangepw.obj
c:\users\hoang\desktop\cnpm\cnpm\serverlogin\x64\debug\dbport.obj
c:\users\hoang\desktop\cnpm\cnpm\serverlogin\x64\debug\serverlogin.exe
c:\users\hoang\desktop\cnpm\cnpm\serverlogin\x64\debug\serverlogin.ilk
c:\users\hoang\desktop\cnpm\cnpm\serverlogin\x64\debug\serverlogin.pdb
c:\users\hoang\desktop\cnpm\cnpm\serverlogin\x64\debug\serverlogin.res
c:\users\hoang\desktop\cnpm\cnpm\serverlogin\x64\debug\serverconnect.obj.enc
c:\users\hoang\desktop\cnpm\cnpm\serverlogin\x64\debug\serverlogin.tlog\cl.command.1.tlog
c:\users\hoang\desktop\cnpm\cnpm\serverlogin\x64\debug\serverlogin.tlog\cl.read.1.tlog
c:\users\hoang\desktop\cnpm\cnpm\serverlogin\x64\debug\serverlogin.tlog\cl.write.1.tlog
c:\users\hoang\desktop\cnpm\cnpm\serverlogin\x64\debug\serverlogin.tlog\link.command.1.tlog
c:\users\hoang\desktop\cnpm\cnpm\serverlogin\x64\debug\serverlogin.tlog\link.read.1.tlog
c:\users\hoang\desktop\cnpm\cnpm\serverlogin\x64\debug\serverlogin.tlog\link.write.1.tlog
c:\users\hoang\desktop\cnpm\cnpm\serverlogin\x64\debug\serverlogin.tlog\rc.command.1.tlog
c:\users\hoang\desktop\cnpm\cnpm\serverlogin\x64\debug\serverlogin.tlog\rc.read.1.tlog
c:\users\hoang\desktop\cnpm\cnpm\serverlogin\x64\debug\serverlogin.tlog\rc.write.1.tlog
